<?xml version="1.0" encoding="UTF-8"?>
<!-- Generated by org.testng.reporters.JUnitXMLReporter -->
<testsuite ignored="0" hostname="DESKTOP-5IGQH2V" failures="0" tests="3" name="Default test" time="9.83" errors="0" timestamp="17 May 2025 08:22:10 GMT">
  <testcase classname="webdriver.Topic_06_WebElementExercise" name="TC_01_Displayed" time="3.651"/>
  <testcase classname="webdriver.Topic_06_WebElementExercise" name="TC_02_Enabled" time="0.122"/>
  <testcase classname="webdriver.Topic_06_WebElementExercise" name="TC_03_Selected" time="3.639"/>
</testsuite> <!-- Default test -->
