<?xml version="1.0" encoding="UTF-8"?>
<!-- Generated by org.testng.reporters.JUnitXMLReporter -->
<testsuite ignored="0" hostname="DESKTOP-5IGQH2V" failures="0" tests="3" name="Default test" time="4.508" errors="0" timestamp="21 May 2024 12:23:16 GMT">
  <testcase classname="webdriver.Topic_01_CheckEnvironment" name="TC_01_Url" time="0.011"/>
  <testcase classname="webdriver.Topic_01_CheckEnvironment" name="TC_02_Logo" time="0.058"/>
  <testcase classname="webdriver.Topic_01_CheckEnvironment" name="TC_03_Form" time="0.054"/>
</testsuite> <!-- Default test -->
