<?xml version="1.0" encoding="UTF-8"?>
<testng-results ignored="0" total="4" passed="4" failed="0" skipped="0">
  <reporter-output>
  </reporter-output>
  <suite started-at="2025-05-31T09:08:45Z" name="Default suite" finished-at="2025-05-31T09:09:07Z" duration-ms="22405">
    <groups>
    </groups>
    <test started-at="2025-05-31T09:08:45Z" name="Default test" finished-at="2025-05-31T09:09:07Z" duration-ms="22405">
      <class name="webdriver.Topic_06_WebElementExercise">
        <test-method is-config="true" signature="beforeClass()[pri:0, instance:webdriver.Topic_06_WebElementExercise@33065d67]" started-at="2025-05-31T09:08:45Z" name="beforeClass" finished-at="2025-05-31T09:08:46Z" duration-ms="1707" status="PASS">
          <reporter-output>
          </reporter-output>
        </test-method> <!-- beforeClass -->
        <test-method signature="TC_01_Displayed()[pri:0, instance:webdriver.Topic_06_WebElementExercise@33065d67]" started-at="2025-05-31T09:08:46Z" name="TC_01_Displayed" finished-at="2025-05-31T09:08:48Z" duration-ms="1246" status="PASS">
          <reporter-output>
          </reporter-output>
        </test-method> <!-- TC_01_Displayed -->
        <test-method signature="TC_02_Enabled()[pri:0, instance:webdriver.Topic_06_WebElementExercise@33065d67]" started-at="2025-05-31T09:08:48Z" name="TC_02_Enabled" finished-at="2025-05-31T09:08:48Z" duration-ms="139" status="PASS">
          <reporter-output>
          </reporter-output>
        </test-method> <!-- TC_02_Enabled -->
        <test-method signature="TC_03_Selected()[pri:0, instance:webdriver.Topic_06_WebElementExercise@33065d67]" started-at="2025-05-31T09:08:48Z" name="TC_03_Selected" finished-at="2025-05-31T09:08:51Z" duration-ms="3665" status="PASS">
          <reporter-output>
          </reporter-output>
        </test-method> <!-- TC_03_Selected -->
        <test-method signature="TC_04_MailChimp()[pri:0, instance:webdriver.Topic_06_WebElementExercise@33065d67]" started-at="2025-05-31T09:08:51Z" name="TC_04_MailChimp" finished-at="2025-05-31T09:09:06Z" duration-ms="14923" status="PASS">
          <reporter-output>
          </reporter-output>
        </test-method> <!-- TC_04_MailChimp -->
        <test-method is-config="true" signature="afterClass()[pri:0, instance:webdriver.Topic_06_WebElementExercise@33065d67]" started-at="2025-05-31T09:09:06Z" name="afterClass" finished-at="2025-05-31T09:09:07Z" duration-ms="715" status="PASS">
          <reporter-output>
          </reporter-output>
        </test-method> <!-- afterClass -->
      </class> <!-- webdriver.Topic_06_WebElementExercise -->
    </test> <!-- Default test -->
  </suite> <!-- Default suite -->
</testng-results>
