<?xml version="1.0" encoding="UTF-8"?>
<testng-results ignored="0" total="3" passed="3" failed="0" skipped="0">
  <reporter-output>
  </reporter-output>
  <suite started-at="2025-05-10T08:25:42Z" name="Default suite" finished-at="2025-05-10T08:25:46Z" duration-ms="4200">
    <groups>
    </groups>
    <test started-at="2025-05-10T08:25:42Z" name="Default test" finished-at="2025-05-10T08:25:46Z" duration-ms="4200">
      <class name="webdriver.Topic_06_WebElementExercise">
        <test-method is-config="true" signature="beforeClass()[pri:0, instance:webdriver.Topic_06_WebElementExercise@cb0755b]" started-at="2025-05-10T08:25:42Z" name="beforeClass" finished-at="2025-05-10T08:25:44Z" duration-ms="2315" status="PASS">
          <reporter-output>
          </reporter-output>
        </test-method> <!-- beforeClass -->
        <test-method signature="TC_01_Displayed()[pri:0, instance:webdriver.Topic_06_WebElementExercise@cb0755b]" started-at="2025-05-10T08:25:44Z" name="TC_01_Displayed" finished-at="2025-05-10T08:25:45Z" duration-ms="1107" status="PASS">
          <reporter-output>
          </reporter-output>
        </test-method> <!-- TC_01_Displayed -->
        <test-method signature="TC_02_Enabled()[pri:0, instance:webdriver.Topic_06_WebElementExercise@cb0755b]" started-at="2025-05-10T08:25:45Z" name="TC_02_Enabled" finished-at="2025-05-10T08:25:45Z" duration-ms="105" status="PASS">
          <reporter-output>
          </reporter-output>
        </test-method> <!-- TC_02_Enabled -->
        <test-method signature="TC_03_Selected()[pri:0, instance:webdriver.Topic_06_WebElementExercise@cb0755b]" started-at="2025-05-10T08:25:45Z" name="TC_03_Selected" finished-at="2025-05-10T08:25:45Z" duration-ms="0" status="PASS">
          <reporter-output>
          </reporter-output>
        </test-method> <!-- TC_03_Selected -->
        <test-method is-config="true" signature="afterClass()[pri:0, instance:webdriver.Topic_06_WebElementExercise@cb0755b]" started-at="2025-05-10T08:25:45Z" name="afterClass" finished-at="2025-05-10T08:25:46Z" duration-ms="660" status="PASS">
          <reporter-output>
          </reporter-output>
        </test-method> <!-- afterClass -->
      </class> <!-- webdriver.Topic_06_WebElementExercise -->
    </test> <!-- Default test -->
  </suite> <!-- Default suite -->
</testng-results>
